<?xml version="1.0" encoding="UTF-8"?>
<testng-results skipped="0" failed="0" ignored="0" total="1" passed="1">
  <reporter-output>
  </reporter-output>
  <suite name="Suite" duration-ms="23840" started-at="2020-05-16T02:43:25 IST" finished-at="2020-05-16T02:43:49 IST">
    <groups>
    </groups>
    <test name="Test" duration-ms="23840" started-at="2020-05-16T02:43:25 IST" finished-at="2020-05-16T02:43:49 IST">
      <class name="Projpack.TestCase1">
        <test-method status="PASS" signature="tc1()[pri:0, instance:Projpack.TestCase1@2758fe70]" name="tc1" duration-ms="13125" started-at="2020-05-16T02:43:25 IST" finished-at="2020-05-16T02:43:38 IST">
          <reporter-output>
          </reporter-output>
        </test-method> <!-- tc1 -->
        <test-method status="PASS" signature="teardown()[pri:0, instance:Projpack.TestCase1@2758fe70]" name="teardown" is-config="true" duration-ms="10347" started-at="2020-05-16T02:43:38 IST" finished-at="2020-05-16T02:43:49 IST">
          <reporter-output>
          </reporter-output>
        </test-method> <!-- teardown -->
      </class> <!-- Projpack.TestCase1 -->
    </test> <!-- Test -->
  </suite> <!-- Suite -->
</testng-results>
