<?xml version="1.0" encoding="UTF-8"?>
<testng-results skipped="0" failed="0" total="1" passed="1">
  <reporter-output>
  </reporter-output>
  <suite name="Suite" duration-ms="22301" started-at="2020-05-15T20:34:19Z" finished-at="2020-05-15T20:34:41Z">
    <groups>
    </groups>
    <test name="Test" duration-ms="22301" started-at="2020-05-15T20:34:19Z" finished-at="2020-05-15T20:34:41Z">
      <class name="Projpack.TestCase1">
        <test-method status="PASS" signature="tc1()[pri:0, instance:Projpack.TestCase1@3b81a1bc]" name="tc1" duration-ms="11791" started-at="2020-05-16T02:04:19Z" finished-at="2020-05-16T02:04:31Z">
          <reporter-output>
          </reporter-output>
        </test-method> <!-- tc1 -->
        <test-method status="PASS" signature="teardown()[pri:0, instance:Projpack.TestCase1@3b81a1bc]" name="teardown" is-config="true" duration-ms="10217" started-at="2020-05-16T02:04:31Z" finished-at="2020-05-16T02:04:41Z">
          <reporter-output>
          </reporter-output>
        </test-method> <!-- teardown -->
      </class> <!-- Projpack.TestCase1 -->
    </test> <!-- Test -->
  </suite> <!-- Suite -->
</testng-results>
